<?xml version="1.0" encoding="UTF-8"?>
<robot generator="Robot 6.0.2 (Python 3.7.9 on win32)" generated="20230517 21:34:29.946" rpa="false" schemaversion="3">
<suite id="s1" name="SUTM CERTIF Fluxo Cadastro Negativo" source="c:\QA\Teste Gustavo\TestSuit\SUTM_CERTIF_Fluxo_Cadastro_Negativo.robot">
<test id="s1-t1" name="Fluxo Cadastro Negativo" line="8">
<kw name="Dado que esteja no canal internet banking" library="Login_Cadastro">
<kw name="Open Browser" library="SeleniumLibrary">
<arg>https://internetbanking.caixa.gov.br/sinbc/#!nb/login</arg>
<arg>chrome</arg>
<doc>Opens a new browser instance to the optional ``url``.</doc>
<msg timestamp="20230517 21:34:31.682" level="INFO">Opening browser 'chrome' to base url 'https://internetbanking.caixa.gov.br/sinbc/#!nb/login'.</msg>
<status status="PASS" starttime="20230517 21:34:31.679" endtime="20230517 21:34:49.588"/>
</kw>
<kw name="Maximize Browser Window" library="SeleniumLibrary">
<doc>Maximizes current browser window.</doc>
<status status="PASS" starttime="20230517 21:34:49.589" endtime="20230517 21:34:50.025"/>
</kw>
<kw name="Capture Page Screenshot" library="SeleniumLibrary">
<doc>Takes a screenshot of the current page and embeds it into a log file.</doc>
<msg timestamp="20230517 21:34:50.474" level="INFO" html="true">&lt;/td&gt;&lt;/tr&gt;&lt;tr&gt;&lt;td colspan="3"&gt;&lt;a href="selenium-screenshot-23.png"&gt;&lt;img src="selenium-screenshot-23.png" width="800px"&gt;&lt;/a&gt;</msg>
<status status="PASS" starttime="20230517 21:34:50.026" endtime="20230517 21:34:50.474"/>
</kw>
<kw name="Sleep" library="BuiltIn">
<arg>2</arg>
<doc>Pauses the test executed for the given time.</doc>
<msg timestamp="20230517 21:34:52.480" level="INFO">Slept 2 seconds</msg>
<status status="PASS" starttime="20230517 21:34:50.475" endtime="20230517 21:34:52.484"/>
</kw>
<status status="PASS" starttime="20230517 21:34:31.677" endtime="20230517 21:34:52.484"/>
</kw>
<kw name="ENTAO O SISTEMA INICIA ANALISE" library="IBC_Fluxo_Cadastro_teste_Negativo_PAGE">
<kw name="Click Element" library="SeleniumLibrary">
<arg>//*[text()='Cadastrar']</arg>
<doc>Click the element identified by ``locator``.</doc>
<msg timestamp="20230517 21:34:52.504" level="INFO">Clicking element '//*[text()='Cadastrar']'.</msg>
<status status="PASS" starttime="20230517 21:34:52.503" endtime="20230517 21:34:52.705"/>
</kw>
<kw name="Sleep" library="BuiltIn">
<arg>2</arg>
<doc>Pauses the test executed for the given time.</doc>
<msg timestamp="20230517 21:34:54.722" level="INFO">Slept 2 seconds</msg>
<status status="PASS" starttime="20230517 21:34:52.706" endtime="20230517 21:34:54.722"/>
</kw>
<kw name="Click Element" library="SeleniumLibrary">
<arg>//*[@id="liAceitoRegulamento"]</arg>
<doc>Click the element identified by ``locator``.</doc>
<msg timestamp="20230517 21:34:54.725" level="INFO">Clicking element '//*[@id="liAceitoRegulamento"]'.</msg>
<status status="PASS" starttime="20230517 21:34:54.723" endtime="20230517 21:34:54.839"/>
</kw>
<kw name="Sleep" library="BuiltIn">
<arg>2</arg>
<doc>Pauses the test executed for the given time.</doc>
<msg timestamp="20230517 21:34:56.851" level="INFO">Slept 2 seconds</msg>
<status status="PASS" starttime="20230517 21:34:54.840" endtime="20230517 21:34:56.851"/>
</kw>
<kw name="Click Element" library="SeleniumLibrary">
<arg>//*[@id="btnConcordar"]</arg>
<doc>Click the element identified by ``locator``.</doc>
<msg timestamp="20230517 21:34:56.853" level="INFO">Clicking element '//*[@id="btnConcordar"]'.</msg>
<status status="PASS" starttime="20230517 21:34:56.852" endtime="20230517 21:34:56.935"/>
</kw>
<kw name="Sleep" library="BuiltIn">
<arg>2</arg>
<doc>Pauses the test executed for the given time.</doc>
<msg timestamp="20230517 21:34:58.953" level="INFO">Slept 2 seconds</msg>
<status status="PASS" starttime="20230517 21:34:56.935" endtime="20230517 21:34:58.953"/>
</kw>
<kw name="Click Element" library="SeleniumLibrary">
<arg>//*[@id="cpf"]</arg>
<doc>Click the element identified by ``locator``.</doc>
<msg timestamp="20230517 21:34:58.955" level="INFO">Clicking element '//*[@id="cpf"]'.</msg>
<status status="PASS" starttime="20230517 21:34:58.954" endtime="20230517 21:34:59.090"/>
</kw>
<kw name="Sleep" library="BuiltIn">
<arg>2</arg>
<doc>Pauses the test executed for the given time.</doc>
<msg timestamp="20230517 21:35:01.095" level="INFO">Slept 2 seconds</msg>
<status status="PASS" starttime="20230517 21:34:59.090" endtime="20230517 21:35:01.095"/>
</kw>
<kw name="Ler Arquivo Json [TestData\\massa.json]" library="Login_Cadastro" sourcename="Ler Arquivo Json [${LocalArquivoJson}]">
<var>${ArquivoJson}</var>
<kw name="Load Json From File" library="JSONLibrary">
<var>${ArquivoJson}</var>
<arg>${LocalArquivoJson}</arg>
<arg>UTF-8</arg>
<doc>Load JSON from file.</doc>
<msg timestamp="20230517 21:35:01.111" level="INFO">${ArquivoJson} = [{'INDICE': 0, 'URL': 'https://internetbanking.caixa.gov.br/sinbc/#!nb/login', 'CPF': '46545306812', 'NASCIMENTO': '22091997', 'AGENCIA': '3579', 'CONTA': '000869206375', 'DIGITO': '2'}]</msg>
<status status="PASS" starttime="20230517 21:35:01.099" endtime="20230517 21:35:01.111"/>
</kw>
<kw name="Log To Console" library="BuiltIn">
<arg>\nArquivo utilizado: ${LocalArquivoJson}</arg>
<doc>Logs the given message to the console.</doc>
<status status="PASS" starttime="20230517 21:35:01.112" endtime="20230517 21:35:01.120"/>
</kw>
<msg timestamp="20230517 21:35:01.121" level="INFO">${ArquivoJson} = [{'INDICE': 0, 'URL': 'https://internetbanking.caixa.gov.br/sinbc/#!nb/login', 'CPF': '46545306812', 'NASCIMENTO': '22091997', 'AGENCIA': '3579', 'CONTA': '000869206375', 'DIGITO': '2'}]</msg>
<status status="PASS" starttime="20230517 21:35:01.096" endtime="20230517 21:35:01.122"/>
</kw>
<kw name="Get From Dictionary" library="Collections">
<var>${INPUT_CPF}</var>
<arg>${ArquivoJson[0]}</arg>
<arg>CPF</arg>
<doc>Returns a value from the given ``dictionary`` based on the given ``key``.</doc>
<msg timestamp="20230517 21:35:01.125" level="INFO">${INPUT_CPF} = 46545306812</msg>
<status status="PASS" starttime="20230517 21:35:01.122" endtime="20230517 21:35:01.125"/>
</kw>
<kw name="Sleep" library="BuiltIn">
<arg>2</arg>
<doc>Pauses the test executed for the given time.</doc>
<msg timestamp="20230517 21:35:03.140" level="INFO">Slept 2 seconds</msg>
<status status="PASS" starttime="20230517 21:35:01.126" endtime="20230517 21:35:03.141"/>
</kw>
<kw name="Log To Console" library="BuiltIn">
<arg>CPF: ${INPUT_CPF}</arg>
<doc>Logs the given message to the console.</doc>
<status status="PASS" starttime="20230517 21:35:03.142" endtime="20230517 21:35:03.157"/>
</kw>
<kw name="Input Text" library="SeleniumLibrary">
<arg>//*[@id="cpf"]</arg>
<arg>${INPUT_CPF}</arg>
<doc>Types the given ``text`` into the text field identified by ``locator``.</doc>
<msg timestamp="20230517 21:35:03.160" level="INFO">Typing text '46545306812' into text field '//*[@id="cpf"]'.</msg>
<status status="PASS" starttime="20230517 21:35:03.158" endtime="20230517 21:35:03.457"/>
</kw>
<kw name="Sleep" library="BuiltIn">
<arg>5</arg>
<doc>Pauses the test executed for the given time.</doc>
<msg timestamp="20230517 21:35:08.469" level="INFO">Slept 5 seconds</msg>
<status status="PASS" starttime="20230517 21:35:03.458" endtime="20230517 21:35:08.470"/>
</kw>
<kw name="Click Element" library="SeleniumLibrary">
<arg>//*[@id="dataNascimento"]</arg>
<doc>Click the element identified by ``locator``.</doc>
<msg timestamp="20230517 21:35:08.472" level="INFO">Clicking element '//*[@id="dataNascimento"]'.</msg>
<status status="PASS" starttime="20230517 21:35:08.470" endtime="20230517 21:35:08.938"/>
</kw>
<kw name="Ler Arquivo Json [TestData\\massa.json]" library="Login_Cadastro" sourcename="Ler Arquivo Json [${LocalArquivoJson}]">
<var>${ArquivoJson}</var>
<kw name="Load Json From File" library="JSONLibrary">
<var>${ArquivoJson}</var>
<arg>${LocalArquivoJson}</arg>
<arg>UTF-8</arg>
<doc>Load JSON from file.</doc>
<msg timestamp="20230517 21:35:08.944" level="INFO">${ArquivoJson} = [{'INDICE': 0, 'URL': 'https://internetbanking.caixa.gov.br/sinbc/#!nb/login', 'CPF': '46545306812', 'NASCIMENTO': '22091997', 'AGENCIA': '3579', 'CONTA': '000869206375', 'DIGITO': '2'}]</msg>
<status status="PASS" starttime="20230517 21:35:08.941" endtime="20230517 21:35:08.945"/>
</kw>
<kw name="Log To Console" library="BuiltIn">
<arg>\nArquivo utilizado: ${LocalArquivoJson}</arg>
<doc>Logs the given message to the console.</doc>
<status status="PASS" starttime="20230517 21:35:08.946" endtime="20230517 21:35:09.074"/>
</kw>
<msg timestamp="20230517 21:35:09.075" level="INFO">${ArquivoJson} = [{'INDICE': 0, 'URL': 'https://internetbanking.caixa.gov.br/sinbc/#!nb/login', 'CPF': '46545306812', 'NASCIMENTO': '22091997', 'AGENCIA': '3579', 'CONTA': '000869206375', 'DIGITO': '2'}]</msg>
<status status="PASS" starttime="20230517 21:35:08.939" endtime="20230517 21:35:09.076"/>
</kw>
<kw name="Get From Dictionary" library="Collections">
<var>${INPUT_NASCIMENTO}</var>
<arg>${ArquivoJson[0]}</arg>
<arg>NASCIMENTO</arg>
<doc>Returns a value from the given ``dictionary`` based on the given ``key``.</doc>
<msg timestamp="20230517 21:35:09.080" level="INFO">${INPUT_NASCIMENTO} = 22091997</msg>
<status status="PASS" starttime="20230517 21:35:09.076" endtime="20230517 21:35:09.083"/>
</kw>
<kw name="Sleep" library="BuiltIn">
<arg>2</arg>
<doc>Pauses the test executed for the given time.</doc>
<msg timestamp="20230517 21:35:11.097" level="INFO">Slept 2 seconds</msg>
<status status="PASS" starttime="20230517 21:35:09.084" endtime="20230517 21:35:11.097"/>
</kw>
<kw name="Log To Console" library="BuiltIn">
<arg>NASCIMENTO: ${INPUT_NASCIMENTO}</arg>
<doc>Logs the given message to the console.</doc>
<status status="PASS" starttime="20230517 21:35:11.100" endtime="20230517 21:35:11.105"/>
</kw>
<kw name="Input Text" library="SeleniumLibrary">
<arg>//*[@id="dataNascimento"]</arg>
<arg>${INPUT_NASCIMENTO}</arg>
<doc>Types the given ``text`` into the text field identified by ``locator``.</doc>
<msg timestamp="20230517 21:35:11.109" level="INFO">Typing text '22091997' into text field '//*[@id="dataNascimento"]'.</msg>
<status status="PASS" starttime="20230517 21:35:11.107" endtime="20230517 21:35:11.501"/>
</kw>
<kw name="Sleep" library="BuiltIn">
<arg>2</arg>
<doc>Pauses the test executed for the given time.</doc>
<msg timestamp="20230517 21:35:13.518" level="INFO">Slept 2 seconds</msg>
<status status="PASS" starttime="20230517 21:35:11.502" endtime="20230517 21:35:13.519"/>
</kw>
<kw name="Click Element" library="SeleniumLibrary">
<arg>//*[@id="btnContinuar"]</arg>
<doc>Click the element identified by ``locator``.</doc>
<msg timestamp="20230517 21:35:13.522" level="INFO">Clicking element '//*[@id="btnContinuar"]'.</msg>
<status status="PASS" starttime="20230517 21:35:13.519" endtime="20230517 21:35:13.755"/>
</kw>
<kw name="Sleep" library="BuiltIn">
<arg>2</arg>
<doc>Pauses the test executed for the given time.</doc>
<msg timestamp="20230517 21:35:15.769" level="INFO">Slept 2 seconds</msg>
<status status="PASS" starttime="20230517 21:35:13.756" endtime="20230517 21:35:15.770"/>
</kw>
<kw name="Click Element" library="SeleniumLibrary">
<arg>//*[@id="agencia"]</arg>
<doc>Click the element identified by ``locator``.</doc>
<msg timestamp="20230517 21:35:15.772" level="INFO">Clicking element '//*[@id="agencia"]'.</msg>
<status status="PASS" starttime="20230517 21:35:15.770" endtime="20230517 21:35:16.012"/>
</kw>
<kw name="Ler Arquivo Json [TestData\\massa.json]" library="Login_Cadastro" sourcename="Ler Arquivo Json [${LocalArquivoJson}]">
<var>${ArquivoJson}</var>
<kw name="Load Json From File" library="JSONLibrary">
<var>${ArquivoJson}</var>
<arg>${LocalArquivoJson}</arg>
<arg>UTF-8</arg>
<doc>Load JSON from file.</doc>
<msg timestamp="20230517 21:35:16.019" level="INFO">${ArquivoJson} = [{'INDICE': 0, 'URL': 'https://internetbanking.caixa.gov.br/sinbc/#!nb/login', 'CPF': '46545306812', 'NASCIMENTO': '22091997', 'AGENCIA': '3579', 'CONTA': '000869206375', 'DIGITO': '2'}]</msg>
<status status="PASS" starttime="20230517 21:35:16.015" endtime="20230517 21:35:16.020"/>
</kw>
<kw name="Log To Console" library="BuiltIn">
<arg>\nArquivo utilizado: ${LocalArquivoJson}</arg>
<doc>Logs the given message to the console.</doc>
<status status="PASS" starttime="20230517 21:35:16.020" endtime="20230517 21:35:16.037"/>
</kw>
<msg timestamp="20230517 21:35:16.038" level="INFO">${ArquivoJson} = [{'INDICE': 0, 'URL': 'https://internetbanking.caixa.gov.br/sinbc/#!nb/login', 'CPF': '46545306812', 'NASCIMENTO': '22091997', 'AGENCIA': '3579', 'CONTA': '000869206375', 'DIGITO': '2'}]</msg>
<status status="PASS" starttime="20230517 21:35:16.013" endtime="20230517 21:35:16.039"/>
</kw>
<kw name="Get From Dictionary" library="Collections">
<var>${INPUT_AGENCIA}</var>
<arg>${ArquivoJson[0]}</arg>
<arg>AGENCIA</arg>
<doc>Returns a value from the given ``dictionary`` based on the given ``key``.</doc>
<msg timestamp="20230517 21:35:16.043" level="INFO">${INPUT_AGENCIA} = 3579</msg>
<status status="PASS" starttime="20230517 21:35:16.040" endtime="20230517 21:35:16.043"/>
</kw>
<kw name="Sleep" library="BuiltIn">
<arg>2</arg>
<doc>Pauses the test executed for the given time.</doc>
<msg timestamp="20230517 21:35:18.050" level="INFO">Slept 2 seconds</msg>
<status status="PASS" starttime="20230517 21:35:16.044" endtime="20230517 21:35:18.051"/>
</kw>
<kw name="Log To Console" library="BuiltIn">
<arg>AGENCIA: ${INPUT_AGENCIA}</arg>
<doc>Logs the given message to the console.</doc>
<status status="PASS" starttime="20230517 21:35:18.051" endtime="20230517 21:35:18.054"/>
</kw>
<kw name="Input Text" library="SeleniumLibrary">
<arg>//*[@id="agencia"]</arg>
<arg>${INPUT_AGENCIA}</arg>
<doc>Types the given ``text`` into the text field identified by ``locator``.</doc>
<msg timestamp="20230517 21:35:18.058" level="INFO">Typing text '3579' into text field '//*[@id="agencia"]'.</msg>
<status status="PASS" starttime="20230517 21:35:18.055" endtime="20230517 21:35:18.197"/>
</kw>
<kw name="Sleep" library="BuiltIn">
<arg>2</arg>
<doc>Pauses the test executed for the given time.</doc>
<msg timestamp="20230517 21:35:20.213" level="INFO">Slept 2 seconds</msg>
<status status="PASS" starttime="20230517 21:35:18.198" endtime="20230517 21:35:20.214"/>
</kw>
<kw name="Click Element" library="SeleniumLibrary">
<arg>//*[@id="conta"]</arg>
<doc>Click the element identified by ``locator``.</doc>
<msg timestamp="20230517 21:35:20.217" level="INFO">Clicking element '//*[@id="conta"]'.</msg>
<status status="PASS" starttime="20230517 21:35:20.215" endtime="20230517 21:35:20.316"/>
</kw>
<kw name="Ler Arquivo Json [TestData\\massa.json]" library="Login_Cadastro" sourcename="Ler Arquivo Json [${LocalArquivoJson}]">
<var>${ArquivoJson}</var>
<kw name="Load Json From File" library="JSONLibrary">
<var>${ArquivoJson}</var>
<arg>${LocalArquivoJson}</arg>
<arg>UTF-8</arg>
<doc>Load JSON from file.</doc>
<msg timestamp="20230517 21:35:20.322" level="INFO">${ArquivoJson} = [{'INDICE': 0, 'URL': 'https://internetbanking.caixa.gov.br/sinbc/#!nb/login', 'CPF': '46545306812', 'NASCIMENTO': '22091997', 'AGENCIA': '3579', 'CONTA': '000869206375', 'DIGITO': '2'}]</msg>
<status status="PASS" starttime="20230517 21:35:20.319" endtime="20230517 21:35:20.323"/>
</kw>
<kw name="Log To Console" library="BuiltIn">
<arg>\nArquivo utilizado: ${LocalArquivoJson}</arg>
<doc>Logs the given message to the console.</doc>
<status status="PASS" starttime="20230517 21:35:20.324" endtime="20230517 21:35:20.326"/>
</kw>
<msg timestamp="20230517 21:35:20.327" level="INFO">${ArquivoJson} = [{'INDICE': 0, 'URL': 'https://internetbanking.caixa.gov.br/sinbc/#!nb/login', 'CPF': '46545306812', 'NASCIMENTO': '22091997', 'AGENCIA': '3579', 'CONTA': '000869206375', 'DIGITO': '2'}]</msg>
<status status="PASS" starttime="20230517 21:35:20.317" endtime="20230517 21:35:20.328"/>
</kw>
<kw name="Get From Dictionary" library="Collections">
<var>${INPUT_CONTA}</var>
<arg>${ArquivoJson[0]}</arg>
<arg>CONTA</arg>
<doc>Returns a value from the given ``dictionary`` based on the given ``key``.</doc>
<msg timestamp="20230517 21:35:20.333" level="INFO">${INPUT_CONTA} = 000869206375</msg>
<status status="PASS" starttime="20230517 21:35:20.328" endtime="20230517 21:35:20.333"/>
</kw>
<kw name="Sleep" library="BuiltIn">
<arg>2</arg>
<doc>Pauses the test executed for the given time.</doc>
<msg timestamp="20230517 21:35:22.351" level="INFO">Slept 2 seconds</msg>
<status status="PASS" starttime="20230517 21:35:20.334" endtime="20230517 21:35:22.352"/>
</kw>
<kw name="Log To Console" library="BuiltIn">
<arg>CONTA: ${INPUT_CONTA}</arg>
<doc>Logs the given message to the console.</doc>
<status status="PASS" starttime="20230517 21:35:22.354" endtime="20230517 21:35:22.422"/>
</kw>
<kw name="Input Text" library="SeleniumLibrary">
<arg>//*[@id="conta"]</arg>
<arg>${INPUT_CONTA}</arg>
<doc>Types the given ``text`` into the text field identified by ``locator``.</doc>
<msg timestamp="20230517 21:35:22.424" level="INFO">Typing text '000869206375' into text field '//*[@id="conta"]'.</msg>
<status status="PASS" starttime="20230517 21:35:22.423" endtime="20230517 21:35:22.755"/>
</kw>
<kw name="Sleep" library="BuiltIn">
<arg>2</arg>
<doc>Pauses the test executed for the given time.</doc>
<msg timestamp="20230517 21:35:24.760" level="INFO">Slept 2 seconds</msg>
<status status="PASS" starttime="20230517 21:35:22.755" endtime="20230517 21:35:24.761"/>
</kw>
<kw name="Click Element" library="SeleniumLibrary">
<arg>//*[@id="digito"]</arg>
<doc>Click the element identified by ``locator``.</doc>
<msg timestamp="20230517 21:35:24.765" level="INFO">Clicking element '//*[@id="digito"]'.</msg>
<status status="PASS" starttime="20230517 21:35:24.762" endtime="20230517 21:35:24.857"/>
</kw>
<kw name="Ler Arquivo Json [TestData\\massa.json]" library="Login_Cadastro" sourcename="Ler Arquivo Json [${LocalArquivoJson}]">
<var>${ArquivoJson}</var>
<kw name="Load Json From File" library="JSONLibrary">
<var>${ArquivoJson}</var>
<arg>${LocalArquivoJson}</arg>
<arg>UTF-8</arg>
<doc>Load JSON from file.</doc>
<msg timestamp="20230517 21:35:24.861" level="INFO">${ArquivoJson} = [{'INDICE': 0, 'URL': 'https://internetbanking.caixa.gov.br/sinbc/#!nb/login', 'CPF': '46545306812', 'NASCIMENTO': '22091997', 'AGENCIA': '3579', 'CONTA': '000869206375', 'DIGITO': '2'}]</msg>
<status status="PASS" starttime="20230517 21:35:24.858" endtime="20230517 21:35:24.862"/>
</kw>
<kw name="Log To Console" library="BuiltIn">
<arg>\nArquivo utilizado: ${LocalArquivoJson}</arg>
<doc>Logs the given message to the console.</doc>
<status status="PASS" starttime="20230517 21:35:24.863" endtime="20230517 21:35:24.869"/>
</kw>
<msg timestamp="20230517 21:35:24.870" level="INFO">${ArquivoJson} = [{'INDICE': 0, 'URL': 'https://internetbanking.caixa.gov.br/sinbc/#!nb/login', 'CPF': '46545306812', 'NASCIMENTO': '22091997', 'AGENCIA': '3579', 'CONTA': '000869206375', 'DIGITO': '2'}]</msg>
<status status="PASS" starttime="20230517 21:35:24.858" endtime="20230517 21:35:24.871"/>
</kw>
<kw name="Get From Dictionary" library="Collections">
<var>${INPUT_DIGITO}</var>
<arg>${ArquivoJson[0]}</arg>
<arg>DIGITO</arg>
<doc>Returns a value from the given ``dictionary`` based on the given ``key``.</doc>
<msg timestamp="20230517 21:35:24.873" level="INFO">${INPUT_DIGITO} = 2</msg>
<status status="PASS" starttime="20230517 21:35:24.872" endtime="20230517 21:35:24.873"/>
</kw>
<kw name="Sleep" library="BuiltIn">
<arg>2</arg>
<doc>Pauses the test executed for the given time.</doc>
<msg timestamp="20230517 21:35:26.882" level="INFO">Slept 2 seconds</msg>
<status status="PASS" starttime="20230517 21:35:24.873" endtime="20230517 21:35:26.883"/>
</kw>
<kw name="Log To Console" library="BuiltIn">
<arg>DIGITO: ${INPUT_DIGITO}</arg>
<doc>Logs the given message to the console.</doc>
<status status="PASS" starttime="20230517 21:35:26.885" endtime="20230517 21:35:26.887"/>
</kw>
<kw name="Input Text" library="SeleniumLibrary">
<arg>//*[@id="digito"]</arg>
<arg>${INPUT_DIGITO}</arg>
<doc>Types the given ``text`` into the text field identified by ``locator``.</doc>
<msg timestamp="20230517 21:35:26.890" level="INFO">Typing text '2' into text field '//*[@id="digito"]'.</msg>
<status status="PASS" starttime="20230517 21:35:26.888" endtime="20230517 21:35:26.973"/>
</kw>
<kw name="Sleep" library="BuiltIn">
<arg>2</arg>
<doc>Pauses the test executed for the given time.</doc>
<msg timestamp="20230517 21:35:28.988" level="INFO">Slept 2 seconds</msg>
<status status="PASS" starttime="20230517 21:35:26.974" endtime="20230517 21:35:28.989"/>
</kw>
<kw name="Click Element" library="SeleniumLibrary">
<arg>//*[@id="senha"]</arg>
<doc>Click the element identified by ``locator``.</doc>
<msg timestamp="20230517 21:35:28.993" level="INFO">Clicking element '//*[@id="senha"]'.</msg>
<status status="PASS" starttime="20230517 21:35:28.990" endtime="20230517 21:35:29.094"/>
</kw>
<kw name="Click Element" library="SeleniumLibrary">
<arg>//*[@id="teclado"]/ul/li[6]</arg>
<doc>Click the element identified by ``locator``.</doc>
<msg timestamp="20230517 21:35:29.096" level="INFO">Clicking element '//*[@id="teclado"]/ul/li[6]'.</msg>
<status status="PASS" starttime="20230517 21:35:29.095" endtime="20230517 21:35:29.194"/>
</kw>
<kw name="Click Element" library="SeleniumLibrary">
<arg>//*[@id="teclado"]/ul/li[8]</arg>
<doc>Click the element identified by ``locator``.</doc>
<msg timestamp="20230517 21:35:29.196" level="INFO">Clicking element '//*[@id="teclado"]/ul/li[8]'.</msg>
<status status="PASS" starttime="20230517 21:35:29.195" endtime="20230517 21:35:29.272"/>
</kw>
<kw name="Click Element" library="SeleniumLibrary">
<arg>//*[@id="teclado"]/ul/li[4]</arg>
<doc>Click the element identified by ``locator``.</doc>
<msg timestamp="20230517 21:35:29.274" level="INFO">Clicking element '//*[@id="teclado"]/ul/li[4]'.</msg>
<status status="PASS" starttime="20230517 21:35:29.273" endtime="20230517 21:35:29.329"/>
</kw>
<kw name="Click Element" library="SeleniumLibrary">
<arg>//*[@id="teclado"]/ul/li[3]</arg>
<doc>Click the element identified by ``locator``.</doc>
<msg timestamp="20230517 21:35:29.333" level="INFO">Clicking element '//*[@id="teclado"]/ul/li[3]'.</msg>
<status status="PASS" starttime="20230517 21:35:29.330" endtime="20230517 21:35:29.392"/>
</kw>
<kw name="Click Element" library="SeleniumLibrary">
<arg>//*[@id="btnConfirmar"]</arg>
<doc>Click the element identified by ``locator``.</doc>
<msg timestamp="20230517 21:35:29.394" level="INFO">Clicking element '//*[@id="btnConfirmar"]'.</msg>
<status status="PASS" starttime="20230517 21:35:29.393" endtime="20230517 21:35:29.473"/>
</kw>
<kw name="Sleep" library="BuiltIn">
<arg>2</arg>
<doc>Pauses the test executed for the given time.</doc>
<msg timestamp="20230517 21:35:31.484" level="INFO">Slept 2 seconds</msg>
<status status="PASS" starttime="20230517 21:35:29.474" endtime="20230517 21:35:31.486"/>
</kw>
<kw name="Capturar tela" library="Login_Cadastro">
<kw name="Pegar o nome do test-case" library="Login_Cadastro">
<var>${NOME_CASO_TESTE}</var>
<kw name="Get Variable Value" library="BuiltIn">
<var>${NOME_CASO_TESTE}</var>
<arg>${TEST NAME}</arg>
<doc>Returns variable value or ``default`` if the variable does not exist.</doc>
<msg timestamp="20230517 21:35:31.494" level="INFO">${NOME_CASO_TESTE} = Fluxo Cadastro Negativo</msg>
<status status="PASS" starttime="20230517 21:35:31.492" endtime="20230517 21:35:31.495"/>
</kw>
<kw name="Replace String" library="String">
<var>${NOME_CASO_TESTE}</var>
<arg>${NOME_CASO_TESTE}</arg>
<arg>${SPACE}</arg>
<arg>_</arg>
<doc>Replaces ``search_for`` in the given ``string`` with ``replace_with``.</doc>
<msg timestamp="20230517 21:35:31.504" level="INFO">${NOME_CASO_TESTE} = Fluxo_Cadastro_Negativo</msg>
<status status="PASS" starttime="20230517 21:35:31.498" endtime="20230517 21:35:31.505"/>
</kw>
<kw name="Replace String" library="String">
<var>${NOME_CASO_TESTE}</var>
<arg>${NOME_CASO_TESTE}</arg>
<arg>(</arg>
<arg>_</arg>
<doc>Replaces ``search_for`` in the given ``string`` with ``replace_with``.</doc>
<msg timestamp="20230517 21:35:31.508" level="INFO">${NOME_CASO_TESTE} = Fluxo_Cadastro_Negativo</msg>
<status status="PASS" starttime="20230517 21:35:31.506" endtime="20230517 21:35:31.508"/>
</kw>
<kw name="Replace String" library="String">
<var>${NOME_CASO_TESTE}</var>
<arg>${NOME_CASO_TESTE}</arg>
<arg>)</arg>
<arg>_</arg>
<doc>Replaces ``search_for`` in the given ``string`` with ``replace_with``.</doc>
<msg timestamp="20230517 21:35:31.510" level="INFO">${NOME_CASO_TESTE} = Fluxo_Cadastro_Negativo</msg>
<status status="PASS" starttime="20230517 21:35:31.509" endtime="20230517 21:35:31.511"/>
</kw>
<kw name="Replace String" library="String">
<var>${NOME_CASO_TESTE}</var>
<arg>${NOME_CASO_TESTE}</arg>
<arg>\"</arg>
<arg>_</arg>
<doc>Replaces ``search_for`` in the given ``string`` with ``replace_with``.</doc>
<msg timestamp="20230517 21:35:31.513" level="INFO">${NOME_CASO_TESTE} = Fluxo_Cadastro_Negativo</msg>
<status status="PASS" starttime="20230517 21:35:31.511" endtime="20230517 21:35:31.513"/>
</kw>
<kw name="Replace String" library="String">
<var>${NOME_CASO_TESTE}</var>
<arg>${NOME_CASO_TESTE}</arg>
<arg>:</arg>
<arg>_</arg>
<doc>Replaces ``search_for`` in the given ``string`` with ``replace_with``.</doc>
<msg timestamp="20230517 21:35:31.516" level="INFO">${NOME_CASO_TESTE} = Fluxo_Cadastro_Negativo</msg>
<status status="PASS" starttime="20230517 21:35:31.513" endtime="20230517 21:35:31.517"/>
</kw>
<kw name="Replace String" library="String">
<var>${NOME_CASO_TESTE}</var>
<arg>${NOME_CASO_TESTE}</arg>
<arg>\'</arg>
<arg>_</arg>
<doc>Replaces ``search_for`` in the given ``string`` with ``replace_with``.</doc>
<msg timestamp="20230517 21:35:31.518" level="INFO">${NOME_CASO_TESTE} = Fluxo_Cadastro_Negativo</msg>
<status status="PASS" starttime="20230517 21:35:31.517" endtime="20230517 21:35:31.519"/>
</kw>
<msg timestamp="20230517 21:35:31.519" level="INFO">${NOME_CASO_TESTE} = Fluxo_Cadastro_Negativo</msg>
<status status="PASS" starttime="20230517 21:35:31.489" endtime="20230517 21:35:31.520"/>
</kw>
<kw name="Capture Page Screenshot" library="SeleniumLibrary">
<arg>${NOME_CASO_TESTE}{index}.png</arg>
<doc>Takes a screenshot of the current page and embeds it into a log file.</doc>
<msg timestamp="20230517 21:35:31.687" level="INFO" html="true">&lt;/td&gt;&lt;/tr&gt;&lt;tr&gt;&lt;td colspan="3"&gt;&lt;a href="Fluxo_Cadastro_Negativo2.png"&gt;&lt;img src="Fluxo_Cadastro_Negativo2.png" width="800px"&gt;&lt;/a&gt;</msg>
<status status="PASS" starttime="20230517 21:35:31.520" endtime="20230517 21:35:31.688"/>
</kw>
<status status="PASS" starttime="20230517 21:35:31.487" endtime="20230517 21:35:31.688"/>
</kw>
<status status="PASS" starttime="20230517 21:34:52.501" endtime="20230517 21:35:31.688"/>
</kw>
<status status="PASS" starttime="20230517 21:34:31.667" endtime="20230517 21:35:31.689"/>
</test>
<status status="PASS" starttime="20230517 21:34:29.966" endtime="20230517 21:35:31.692"/>
</suite>
<statistics>
<total>
<stat pass="1" fail="0" skip="0">All Tests</stat>
</total>
<tag>
</tag>
<suite>
<stat pass="1" fail="0" skip="0" id="s1" name="SUTM CERTIF Fluxo Cadastro Negativo">SUTM CERTIF Fluxo Cadastro Negativo</stat>
</suite>
</statistics>
<errors>
</errors>
</robot>
